[debug] [2023-03-27T09:00:09.130Z] ----------------------------------------------------------------------
[debug] [2023-03-27T09:00:09.136Z] Command:       C:\Program Files\nodejs\node.exe C:\Users\user\AppData\Roaming\npm\node_modules\firebase-tools\lib\bin\firebase.js init
[debug] [2023-03-27T09:00:09.137Z] CLI Version:   11.25.1
[debug] [2023-03-27T09:00:09.138Z] Platform:      win32
[debug] [2023-03-27T09:00:09.138Z] Node Version:  v18.15.0
[debug] [2023-03-27T09:00:09.140Z] Time:          Mon Mar 27 2023 12:00:09 GMT+0300 (East Africa Time)
[debug] [2023-03-27T09:00:09.141Z] ----------------------------------------------------------------------
[debug] 
[debug] [2023-03-27T09:00:09.158Z] > command requires scopes: ["email","openid","https://www.googleapis.com/auth/cloudplatformprojects.readonly","https://www.googleapis.com/auth/firebase","https://www.googleapis.com/auth/cloud-platform"]
[debug] [2023-03-27T09:00:09.159Z] > authorizing via signed-in user (victorlegend2002@gmail.com)
[info] 
     ######## #### ########  ######## ########     ###     ######  ########
     ##        ##  ##     ## ##       ##     ##  ##   ##  ##       ##
     ######    ##  ########  ######   ########  #########  ######  ######
     ##        ##  ##    ##  ##       ##     ## ##     ##       ## ##
     ##       #### ##     ## ######## ########  ##     ##  ######  ########

You're about to initialize a Firebase project in this directory:

  C:\xampp\htdocs\Bleach_pay

Before we get started, keep in mind:

  * You are currently outside your home directory

[info] 
=== Project Setup
[info] 
[info] First, let's associate this project directory with a Firebase project.
[info] You can create multiple project aliases by running firebase use --add, 
[info] but for now we'll just set up a default project.
[info] 
[debug] [2023-03-27T09:02:33.923Z] >>> [apiv2][query] GET https://firebase.googleapis.com/v1beta1/projects pageSize=100
[debug] [2023-03-27T09:02:34.883Z] <<< [apiv2][status] GET https://firebase.googleapis.com/v1beta1/projects 200
[debug] [2023-03-27T09:02:34.884Z] <<< [apiv2][body] GET https://firebase.googleapis.com/v1beta1/projects [omitted]
[info] i  Using project bleach-pay (bleach-pay) 
[info] 
=== Hosting Setup
[info] 
[info] Your public directory is the folder (relative to your project directory) that
[info] will contain Hosting assets to be uploaded with firebase deploy. If you
[info] have a build process for your assets, use your build's output directory.
[info] 
